<?xml version="1.0" encoding="UTF-8"?>
<!-- Generated by org.testng.reporters.JUnitReportReporter -->
<testsuite skipped="0" hostname="LAPTOP-9U3JLUHG" name="testcases.TC_001" tests="1" failures="0" timestamp="12 Jul 2018 16:27:47 GMT" time="40.079" errors="0">
  <testcase name="testcase1" time="40.079" classname="testcases.TC_001"/>
</testsuite> <!-- testcases.TC_001 -->
